{
  "stats": {
    "suites": 1,
    "tests": 1,
    "passes": 1,
    "pending": 0,
    "failures": 0,
    "start": "2023-01-22T01:45:02.232Z",
    "end": "2023-01-22T01:45:25.641Z",
    "duration": 23409,
    "testsRegistered": 1,
    "passPercent": 100,
    "pendingPercent": 0,
    "other": 0,
    "hasOther": false,
    "skipped": 0,
    "hasSkipped": false
  },
  "results": [
    {
      "uuid": "5e38b295-bc6d-4eb2-9aa3-923a4f3fa255",
      "title": "",
      "fullFile": "cypress\\e2e\\amazonAddedItem.cy.js",
      "file": "cypress\\e2e\\amazonAddedItem.cy.js",
      "beforeHooks": [],
      "afterHooks": [],
      "tests": [],
      "suites": [
        {
          "uuid": "7ddd9367-bd70-4869-97a2-fc299bfaf773",
          "title": "Agregar items al Cart que requieran Inicio de Sesión",
          "fullFile": "",
          "file": "",
          "beforeHooks": [],
          "afterHooks": [],
          "tests": [
            {
              "title": "Validar No poder hacer checkout de item VIP cuando no se ha realizado sesión",
              "fullTitle": "Agregar items al Cart que requieran Inicio de Sesión Validar No poder hacer checkout de item VIP cuando no se ha realizado sesión",
              "timedOut": null,
              "duration": 23329,
              "state": "passed",
              "speed": "slow",
              "pass": true,
              "fail": false,
              "pending": false,
              "context": null,
              "code": "cart.clickInvRequestBtn();\ncy.url().should('contain', 'signin');\ncy.screenshot();",
              "err": {},
              "uuid": "1c0e1ea9-5c09-4a03-a037-3aa1fbbc470b",
              "parentUUID": "7ddd9367-bd70-4869-97a2-fc299bfaf773",
              "isHook": false,
              "skipped": false
            }
          ],
          "suites": [],
          "passes": [
            "1c0e1ea9-5c09-4a03-a037-3aa1fbbc470b"
          ],
          "failures": [],
          "pending": [],
          "skipped": [],
          "duration": 23329,
          "root": false,
          "rootEmpty": false,
          "_timeout": 2000
        }
      ],
      "passes": [],
      "failures": [],
      "pending": [],
      "skipped": [],
      "duration": 0,
      "root": true,
      "rootEmpty": true,
      "_timeout": 2000
    }
  ],
  "meta": {
    "mocha": {
      "version": "7.0.1"
    },
    "mochawesome": {
      "options": {
        "quiet": false,
        "reportFilename": "mochawesome",
        "saveHtml": true,
        "saveJson": true,
        "consoleReporter": "spec",
        "useInlineDiffs": false,
        "code": true
      },
      "version": "7.1.3"
    },
    "marge": {
      "options": {
        "reportDir": "cypress/mochawesome-report",
        "overwrite": true,
        "html": true,
        "json": true
      },
      "version": "6.2.0"
    }
  }
}